<?xml version="1.0" encoding="UTF-8"?>
<!-- Generated by org.testng.reporters.JUnitXMLReporter -->
<testsuite hostname="LAPTOP-OAS5Q4RE" ignored="0" name="Test" tests="15" failures="0" timestamp="17 Mar 2021 18:47:45 GMT" time="39.198" errors="0">
  <testcase name="welcomepageValidation" time="0.614" classname="com.Tests.WelcomePageTest"/>
  <testcase name="Login" time="1.199" classname="com.Tests.LoginpageTest"/>
  <testcase name="validateAccountid" time="0.068" classname="com.Tests.LoginpageTest"/>
  <testcase name="selectbook" time="2.753" classname="com.Tests.HomepageTest"/>
  <testcase name="AddtoCart" time="0.788" classname="com.Tests.HomepageTest"/>
  <testcase name="proccessing" time="0.736" classname="com.Tests.ShoppingcartTest"/>
  <testcase name="validatesubtotal" time="1.291" classname="com.Tests.ShoppingcartTest"/>
  <testcase name="billingAddress" time="0.942" classname="com.Tests.PaymentTest"/>
  <testcase name="shippingAddress" time="0.788" classname="com.Tests.PaymentTest"/>
  <testcase name="shippingmethod" time="0.617" classname="com.Tests.PaymentTest"/>
  <testcase name="paymentmethod" time="0.453" classname="com.Tests.PaymentTest"/>
  <testcase name="paymentinfo" time="0.31" classname="com.Tests.PaymentTest"/>
  <testcase name="confirm" time="0.328" classname="com.Tests.PaymentTest"/>
  <testcase name="logoutMethod" time="1.281" classname="com.Tests.PaymentTest"/>
  <testcase name="orderdetails" time="0.855" classname="com.Tests.PaymentTest"/>
</testsuite> <!-- Test -->
