<?xml version="1.0" encoding="UTF-8"?>
<testsuite name="TestSuite" time="13.025" tests="15" errors="0" skipped="0" failures="0">
  <properties>
[...]
</properties>
  <testcase name="welcomepageValidation" classname="com.Tests.WelcomePageTest" time="0.615"/>
  <testcase name="Login" classname="com.Tests.LoginpageTest" time="1.199"/>
  <testcase name="validateAccountid" classname="com.Tests.LoginpageTest" time="0.067"/>
  <testcase name="selectbook" classname="com.Tests.HomepageTest" time="2.754"/>
  <testcase name="AddtoCart" classname="com.Tests.HomepageTest" time="0.788"/>
  <testcase name="proccessing" classname="com.Tests.ShoppingcartTest" time="0.736"/>
  <testcase name="validatesubtotal" classname="com.Tests.ShoppingcartTest" time="1.291"/>
  <testcase name="billingAddress" classname="com.Tests.PaymentTest" time="0.942"/>
  <testcase name="shippingAddress" classname="com.Tests.PaymentTest" time="0.788"/>
  <testcase name="shippingmethod" classname="com.Tests.PaymentTest" time="0.617"/>
  <testcase name="paymentmethod" classname="com.Tests.PaymentTest" time="0.453"/>
  <testcase name="paymentinfo" classname="com.Tests.PaymentTest" time="0.31"/>
  <testcase name="confirm" classname="com.Tests.PaymentTest" time="0.328"/>
  <testcase name="logoutMethod" classname="com.Tests.PaymentTest" time="1.281"/>
  <testcase name="orderdetails" classname="com.Tests.PaymentTest" time="0.856"/>
</testsuite>